<?xml version="1.0" encoding="UTF-8"?>
<testng-results ignored="0" total="2" passed="2" failed="0" skipped="0">
  <reporter-output>
  </reporter-output>
  <suite started-at="2023-04-13T13:10:46 IST" name="Suite" finished-at="2023-04-13T13:11:51 IST" duration-ms="65073">
    <groups>
      <group name="cucumber">
        <method signature="AbstractTestNGCucumberTests.runScenario(io.cucumber.testng.PickleWrapper,io.cucumber.testng.FeatureWrapper)[pri:0, instance:com.ecommerce.ebay.cucumberspecifics.TestRunner@32ee6fee]" name="runScenario" class="io.cucumber.testng.AbstractTestNGCucumberTests"/>
      </group> <!-- cucumber -->
    </groups>
    <test started-at="2023-04-13T13:10:46 IST" name="Test" finished-at="2023-04-13T13:11:51 IST" duration-ms="65073">
      <class name="com.ecommerce.ebay.cucumberspecifics.TestRunner">
        <test-method is-config="true" signature="setUpClass(org.testng.ITestContext)[pri:0, instance:com.ecommerce.ebay.cucumberspecifics.TestRunner@32ee6fee]" started-at="2023-04-13T13:10:46 IST" name="setUpClass" finished-at="2023-04-13T13:10:47 IST" duration-ms="975" status="PASS">
          <params>
            <param index="0">
              <value>
                <![CDATA[org.testng.TestRunner@4d0b7fd5]]>
              </value>
            </param>
          </params>
          <reporter-output>
          </reporter-output>
        </test-method> <!-- setUpClass -->
        <test-method signature="runScenario(io.cucumber.testng.PickleWrapper,io.cucumber.testng.FeatureWrapper)[pri:0, instance:com.ecommerce.ebay.cucumberspecifics.TestRunner@32ee6fee]" started-at="2023-04-13T13:10:47 IST" name="runScenario" description="Runs Cucumber Scenarios" data-provider="scenarios" finished-at="2023-04-13T13:11:30 IST" duration-ms="43596" status="PASS">
          <params>
            <param index="0">
              <value>
                <![CDATA["Access a Product via category after applying multiple filters"]]>
              </value>
            </param>
            <param index="1">
              <value>
                <![CDATA["Search functionality"]]>
              </value>
            </param>
          </params>
          <reporter-output>
          </reporter-output>
        </test-method> <!-- runScenario -->
        <test-method signature="runScenario(io.cucumber.testng.PickleWrapper,io.cucumber.testng.FeatureWrapper)[pri:0, instance:com.ecommerce.ebay.cucumberspecifics.TestRunner@32ee6fee]" started-at="2023-04-13T13:11:30 IST" name="runScenario" description="Runs Cucumber Scenarios" data-provider="scenarios" finished-at="2023-04-13T13:11:47 IST" duration-ms="17010" status="PASS">
          <params>
            <param index="0">
              <value>
                <![CDATA["Access a Product via Search"]]>
              </value>
            </param>
            <param index="1">
              <value>
                <![CDATA["Search functionality"]]>
              </value>
            </param>
          </params>
          <reporter-output>
          </reporter-output>
        </test-method> <!-- runScenario -->
        <test-method is-config="true" signature="tearDownClass()[pri:0, instance:com.ecommerce.ebay.cucumberspecifics.TestRunner@32ee6fee]" started-at="2023-04-13T13:11:47 IST" name="tearDownClass" finished-at="2023-04-13T13:11:51 IST" duration-ms="3426" status="PASS">
          <reporter-output>
          </reporter-output>
        </test-method> <!-- tearDownClass -->
      </class> <!-- com.ecommerce.ebay.cucumberspecifics.TestRunner -->
    </test> <!-- Test -->
  </suite> <!-- Suite -->
</testng-results>
